[18:20:40] [main/INFO] (FabricLoader/GameProvider) Loading Minecraft 1.20.1 with Fabric Loader 0.14.24
[18:20:40] [main/INFO] (FabricLoader) Loading 59 mods:
	- cobblemon 1.4.1+1.20.1
	- fabric-api 0.89.3+1.20.1
	- fabric-api-base 0.4.30+7abfd51577
	- fabric-api-lookup-api-v1 1.6.35+4d8536c977
	- fabric-biome-api-v1 13.0.11+0737cd8077
	- fabric-block-api-v1 1.0.10+92a0d36777
	- fabric-block-view-api-v2 1.0.0+92a0d36777
	- fabric-blockrenderlayer-v1 1.1.40+b3afc78b77
	- fabric-client-tags-api-v1 1.1.1+97bb207577
	- fabric-command-api-v1 1.2.33+f71b366f77
	- fabric-command-api-v2 2.2.12+b3afc78b77
	- fabric-commands-v0 0.2.50+df3654b377
	- fabric-containers-v0 0.1.63+df3654b377
	- fabric-content-registries-v0 4.0.10+57aed33f77
	- fabric-convention-tags-v1 1.5.4+a1a980da77
	- fabric-crash-report-info-v1 0.2.18+aeb40ebe77
	- fabric-data-generation-api-v1 12.3.1+0889cb7877
	- fabric-dimensions-v1 2.1.53+8536527b77
	- fabric-entity-events-v1 1.5.22+b3afc78b77
	- fabric-events-interaction-v0 0.6.1+e91849a877
	- fabric-events-lifecycle-v0 0.2.62+df3654b377
	- fabric-game-rule-api-v1 1.0.38+b04edc7a77
	- fabric-gametest-api-v1 1.2.12+b3afc78b77
	- fabric-item-api-v1 2.1.27+b3afc78b77
	- fabric-item-group-api-v1 4.0.10+23d9108177
	- fabric-key-binding-api-v1 1.0.36+fb8d95da77
	- fabric-keybindings-v0 0.2.34+df3654b377
	- fabric-language-kotlin 1.10.17+kotlin.1.9.22
	- fabric-lifecycle-events-v1 2.2.21+b3afc78b77
	- fabric-loot-api-v2 1.1.39+b3afc78b77
	- fabric-loot-tables-v1 1.1.43+9e7660c677
	- fabric-message-api-v1 5.1.7+3265161977
	- fabric-mining-level-api-v1 2.1.49+b3afc78b77
	- fabric-model-loading-api-v1 1.0.2+709a987177
	- fabric-models-v0 0.4.1+9386d8a777
	- fabric-networking-api-v1 1.3.10+eeb8eb3677
	- fabric-networking-v0 0.3.50+df3654b377
	- fabric-object-builder-api-v1 11.1.1+6beca84877
	- fabric-particles-v1 1.1.1+201a23a077
	- fabric-recipe-api-v1 1.0.20+b3afc78b77
	- fabric-registry-sync-v0 2.3.2+4df89eb277
	- fabric-renderer-api-v1 3.2.0+39a511ba77
	- fabric-renderer-indigo 1.5.0+39a511ba77
	- fabric-renderer-registries-v1 3.2.45+df3654b377
	- fabric-rendering-data-attachment-v1 0.3.36+92a0d36777
	- fabric-rendering-fluids-v1 3.0.27+b3afc78b77
	- fabric-rendering-v0 1.1.48+df3654b377
	- fabric-rendering-v1 3.0.7+b3afc78b77
	- fabric-resource-conditions-api-v1 2.3.5+ea08f9d877
	- fabric-resource-loader-v0 0.11.9+132c48c177
	- fabric-screen-api-v1 2.0.7+b3afc78b77
	- fabric-screen-handler-api-v1 1.3.29+b3afc78b77
	- fabric-sound-api-v1 1.0.12+b3afc78b77
	- fabric-transfer-api-v1 3.3.1+195226a777
	- fabric-transitive-access-wideners-v1 4.3.0+6c31357e77
	- fabricloader 0.14.24
	- java 17
	- minecraft 1.20.1
	- planetaaddons 2.0.0
[18:20:40] [main/INFO] (FabricLoader/Mixin) SpongePowered MIXIN Subsystem Version=0.8.5 Source=file:/C:/Users/jlpit/.gradle/caches/modules-2/files-2.1/net.fabricmc/sponge-mixin/0.12.5+mixin.0.8.5/8d31fb97c3e0cd7c8dad3441851c523bcfae6d8e/sponge-mixin-0.12.5+mixin.0.8.5.jar Service=Knot/Fabric Env=CLIENT
[18:20:41] [main/INFO] (FabricLoader/Mixin) Loaded Fabric development mappings for mixin remapper!
[18:20:41] [main/INFO] (FabricLoader/Mixin) Compatibility level set to JAVA_16
[18:20:41] [main/INFO] (FabricLoader/Mixin) Compatibility level set to JAVA_17
[18:20:45] [Datafixer Bootstrap/INFO] (Minecraft) 188 Datafixer optimizations took 80 milliseconds
[18:20:47] [Render thread/INFO] (Minecraft) Environment: authHost='https://authserver.mojang.com', accountsHost='https://api.mojang.com', sessionHost='https://sessionserver.mojang.com', servicesHost='https://api.minecraftservices.com', name='PROD'
[18:20:47] [Render thread/ERROR] (Minecraft) Failed to verify authentication
com.mojang.authlib.exceptions.InvalidCredentialsException: Status: 401
	at com.mojang.authlib.exceptions.MinecraftClientHttpException.toAuthenticationException(MinecraftClientHttpException.java:56) ~[authlib-4.0.43.jar:?]
	at com.mojang.authlib.yggdrasil.YggdrasilUserApiService.fetchProperties(YggdrasilUserApiService.java:156) ~[authlib-4.0.43.jar:?]
	at com.mojang.authlib.yggdrasil.YggdrasilUserApiService.<init>(YggdrasilUserApiService.java:55) ~[authlib-4.0.43.jar:?]
	at com.mojang.authlib.yggdrasil.YggdrasilAuthenticationService.createUserApiService(YggdrasilAuthenticationService.java:124) ~[authlib-4.0.43.jar:?]
	at net.minecraft.client.MinecraftClient.createUserApiService(MinecraftClient.java:733) ~[minecraft-merged-b43cdfb89a-1.20.1-net.fabricmc.yarn.1_20_1.1.20.1+build.8-v2.jar:?]
	at net.minecraft.client.MinecraftClient.<init>(MinecraftClient.java:442) ~[minecraft-merged-b43cdfb89a-1.20.1-net.fabricmc.yarn.1_20_1.1.20.1+build.8-v2.jar:?]
	at net.minecraft.client.main.Main.main(Main.java:211) ~[minecraft-merged-b43cdfb89a-1.20.1-net.fabricmc.yarn.1_20_1.1.20.1+build.8-v2.jar:?]
	at net.fabricmc.loader.impl.game.minecraft.MinecraftGameProvider.launch(MinecraftGameProvider.java:470) ~[fabric-loader-0.14.24.jar:?]
	at net.fabricmc.loader.impl.launch.knot.Knot.launch(Knot.java:74) ~[fabric-loader-0.14.24.jar:?]
	at net.fabricmc.loader.impl.launch.knot.KnotClient.main(KnotClient.java:23) ~[fabric-loader-0.14.24.jar:?]
	at net.fabricmc.devlaunchinjector.Main.main(Main.java:86) ~[dev-launch-injector-0.2.1+build.8.jar:?]
Caused by: com.mojang.authlib.exceptions.MinecraftClientHttpException: Status: 401
	at com.mojang.authlib.minecraft.client.MinecraftClient.readInputStream(MinecraftClient.java:85) ~[authlib-4.0.43.jar:?]
	at com.mojang.authlib.minecraft.client.MinecraftClient.get(MinecraftClient.java:48) ~[authlib-4.0.43.jar:?]
	at com.mojang.authlib.yggdrasil.YggdrasilUserApiService.fetchProperties(YggdrasilUserApiService.java:129) ~[authlib-4.0.43.jar:?]
	... 9 more
[18:20:47] [Render thread/INFO] (Minecraft) Setting user: Player933
[18:20:47] [Render thread/INFO] (PlanetaAddonsMod) Register Mod Items for planetaaddons
[18:20:47] [Render thread/INFO] (PlanetaAddonsMod) Registering Item Groups for planetaaddons
[18:20:47] [Render thread/INFO] (Cobblemon) Booting LaxPermissionValidator, permissions will be checked using Minecrafts permission level system, see https://minecraft.fandom.com/wiki/Permission_level
[18:20:48] [Render thread/ERROR] (Minecraft) No data fixer registered for cobblemon:pokemon
[18:20:48] [Render thread/ERROR] (Minecraft) No data fixer registered for cobblemon:empty_pokeball
[18:20:48] [Render thread/ERROR] (Minecraft) No data fixer registered for cobblemon:boat
[18:20:48] [Render thread/ERROR] (Minecraft) No data fixer registered for cobblemon:chest_boat
[18:20:48] [Render thread/INFO] (Cobblemon) Starting the Best Spawner...
[18:20:48] [Render thread/INFO] (Cobblemon) Loaded 5 spawning condition types.
[18:20:48] [Render thread/INFO] (Cobblemon) Loaded 5 spawning context types.
[18:20:48] [Render thread/INFO] (Cobblemon) Loaded 1 spawn detail types.
[18:20:49] [Cobblemon Showdown/INFO] (Cobblemon) Starting showdown service...
[18:20:53] [Cobblemon Showdown/INFO] (Cobblemon) Showdown has been started!
[18:20:53] [Render thread/INFO] (Cobblemon) Note: Cobblemon data registries are only loaded once per server instance as Pokémon species are not safe to reload.
[18:20:53] [Render thread/INFO] (Cobblemon) Registered the cobblemon:species_features registry
[18:20:53] [Render thread/INFO] (Cobblemon) Registered the cobblemon:global_species_features registry
[18:20:53] [Render thread/INFO] (Cobblemon) Registered the cobblemon:species_feature_assignments registry
[18:20:53] [Render thread/INFO] (Cobblemon) Registered the cobblemon:moves registry
[18:20:53] [Render thread/INFO] (Cobblemon) Registered the cobblemon:abilities registry
[18:20:53] [Render thread/INFO] (Cobblemon) Registered the cobblemon:species registry
[18:20:53] [Render thread/INFO] (Cobblemon) Registered the cobblemon:species_additions registry
[18:20:53] [Render thread/INFO] (Cobblemon) Registered the cobblemon:pokeballs registry
[18:20:53] [Render thread/INFO] (Cobblemon) Registered the cobblemon:properties_tab_completion registry
[18:20:53] [Render thread/INFO] (Cobblemon) Registered the cobblemon:spawn_detail_presets registry
[18:20:53] [Render thread/INFO] (Cobblemon) Registered the cobblemon:mechanics registry
[18:20:53] [Render thread/INFO] (Cobblemon) Registered the cobblemon:bag_items registry
[18:20:53] [Render thread/INFO] (Cobblemon) Registered the cobblemon:spawn_pool_world registry
[18:20:53] [Render thread/INFO] (Cobblemon) Registered the cobblemon:berries registry
[18:20:53] [Render thread/INFO] (Cobblemon) Initializing Cobblemon client
[18:20:53] [Render thread/INFO] (Cobblemon) Registering Pokémon renderer
[18:20:53] [Render thread/INFO] (Cobblemon) Registering PokéBall renderer
[18:20:53] [Render thread/INFO] (Cobblemon) Registering Boat renderer
[18:20:53] [Render thread/INFO] (Cobblemon) Registering Boat with Chest renderer
[18:20:53] [Render thread/INFO] (Cobblemon) Registering custom BuiltinItemRenderers
[18:20:54] [Render thread/INFO] (Indigo) [Indigo] Registering Indigo renderer!
[18:20:54] [Render thread/INFO] (Minecraft) Backend library: LWJGL version 3.3.1 SNAPSHOT
[18:20:55] [Render thread/INFO] (Minecraft) Reloading ResourceManager: vanilla, fabric (fabric-object-builder-api-v1, fabric-rendering-v0, fabric-api-lookup-api-v1, fabric-transfer-api-v1, fabric-dimensions-v1, fabric-rendering-v1, fabric-renderer-api-v1, fabric-screen-api-v1, fabric-message-api-v1, fabric-resource-loader-v0, fabric-registry-sync-v0, fabric-lifecycle-events-v1, fabric-item-api-v1, fabric-rendering-data-attachment-v1, fabricloader, planetaaddons, fabric-model-loading-api-v1, fabric-resource-conditions-api-v1, fabric-mining-level-api-v1, fabric-block-api-v1, fabric-crash-report-info-v1, fabric-command-api-v2, fabric-models-v0, fabric-keybindings-v0, fabric-sound-api-v1, fabric-particles-v1, fabric-api-base, fabric-networking-api-v1, fabric-item-group-api-v1, fabric-data-generation-api-v1, fabric-transitive-access-wideners-v1, fabric-command-api-v1, fabric-renderer-registries-v1, fabric-commands-v0, fabric-client-tags-api-v1, fabric-loot-tables-v1, fabric-biome-api-v1, fabric-recipe-api-v1, cobblemon, fabric-containers-v0, fabric-content-registries-v0, fabric-entity-events-v1, fabric-loot-api-v2, fabric-blockrenderlayer-v1, fabric-events-interaction-v0, fabric-rendering-fluids-v1, fabric-key-binding-api-v1, fabric-api, fabric-convention-tags-v1, fabric-renderer-indigo, fabric-language-kotlin, fabric-screen-handler-api-v1, fabric-networking-v0, fabric-block-view-api-v2, fabric-events-lifecycle-v0, fabric-gametest-api-v1, fabric-game-rule-api-v1)
[18:20:55] [Worker-Main-8/INFO] (Minecraft) Found unifont_all_no_pua-15.0.06.hex, loading
[18:20:57] [Render thread/WARN] (Minecraft) Missing sound for event: minecraft:item.goat_horn.play
[18:20:57] [Render thread/WARN] (Minecraft) Missing sound for event: minecraft:entity.goat.screaming.horn_break
[18:20:57] [Render thread/INFO] (Minecraft) OpenAL initialized on device OpenAL Soft on Alto-falantes (Realtek(R) Audio)
[18:20:57] [Render thread/INFO] (Minecraft) Sound engine started
[18:20:57] [Render thread/INFO] (Minecraft) Created: 1024x1024x4 minecraft:textures/atlas/blocks.png-atlas
[18:20:57] [Render thread/INFO] (Minecraft) Created: 256x256x4 minecraft:textures/atlas/signs.png-atlas
[18:20:57] [Render thread/INFO] (Minecraft) Created: 512x512x4 minecraft:textures/atlas/banner_patterns.png-atlas
[18:20:57] [Render thread/INFO] (Minecraft) Created: 512x512x4 minecraft:textures/atlas/shield_patterns.png-atlas
[18:20:57] [Render thread/INFO] (Minecraft) Created: 1024x1024x4 minecraft:textures/atlas/armor_trims.png-atlas
[18:20:57] [Render thread/INFO] (Minecraft) Created: 128x64x4 minecraft:textures/atlas/decorated_pot.png-atlas
[18:20:57] [Render thread/INFO] (Minecraft) Created: 256x256x4 minecraft:textures/atlas/chest.png-atlas
[18:20:57] [Render thread/INFO] (Minecraft) Created: 512x256x4 minecraft:textures/atlas/beds.png-atlas
[18:20:57] [Render thread/INFO] (Minecraft) Created: 512x256x4 minecraft:textures/atlas/shulker_boxes.png-atlas
[18:20:57] [Render thread/WARN] (Minecraft) Shader rendertype_entity_translucent_emissive could not find sampler named Sampler2 in the specified shader program.
[18:20:57] [Render thread/INFO] (Minecraft) Created: 512x256x0 minecraft:textures/atlas/particles.png-atlas
[18:20:57] [Render thread/WARN] (Minecraft) Missing particle sprites: cobblemon:metal_sparks
[18:20:57] [Render thread/INFO] (Minecraft) Created: 256x256x0 minecraft:textures/atlas/paintings.png-atlas
[18:20:57] [Render thread/INFO] (Minecraft) Created: 128x128x0 minecraft:textures/atlas/mob_effects.png-atlas
[18:20:57] [Render thread/INFO] (Minecraft) Created: 128x128x0 cobblemon:textures/atlas/berries.png-atlas
[18:20:57] [Render thread/INFO] (Cobblemon) Loading assets...
[18:20:57] [Render thread/INFO] (Cobblemon) Loading particle effects...
[18:20:57] [Render thread/INFO] (Cobblemon) Loaded 18 particle effects
[18:20:57] [Render thread/INFO] (Cobblemon) Loading animations...
[18:20:58] [Render thread/INFO] (Cobblemon) Loaded 3091 animations from 547 animation groups
[18:20:58] [Render thread/INFO] (Cobblemon) Loading Pokémon models...
[18:20:58] [Render thread/INFO] (Cobblemon) Loaded 631 Pokémon models.
[18:20:59] [Render thread/INFO] (Cobblemon) Loading Poké Ball models...
[18:20:59] [Render thread/INFO] (Cobblemon) Loaded 1 Poké Ball models.
[18:20:59] [Render thread/INFO] (Cobblemon) Loaded 71 berry models
[18:20:59] [Render thread/INFO] (Cobblemon) Loaded assets
[18:21:07] [Realms Notification Availability checker #1/INFO] (Minecraft) Could not authorize you against Realms server: Invalid session id
[18:21:56] [Render thread/INFO] (Minecraft) Loaded 7 recipes
[18:21:56] [Render thread/INFO] (Minecraft) Loaded 1558 advancements
[18:21:58] [Render thread/INFO] (Cobblemon) Loaded 921 moves
[18:21:58] [Render thread/INFO] (Cobblemon) Loaded 310 abilities
[18:21:58] [Render thread/INFO] (Cobblemon) Finished additions
[18:21:58] [Render thread/INFO] (Cobblemon) Imported 185 held item IDs from showdown
[18:21:58] [Render thread/INFO] (Cobblemon) Loaded 1017 Pokémon species
[18:21:58] [Render thread/INFO] (Cobblemon) Loaded 32 spawn detail presets.
[18:21:58] [Render thread/INFO] (Cobblemon) Starting dummy Showdown battle to force it to pre-load data.
[18:21:59] [Render thread/INFO] (Cobblemon) Loaded 69 berries
[18:22:01] [Render thread/INFO] (BiomeModificationImpl) Applied 534 biome modifications to 64 of 64 new biomes in 11.55 ms
[18:22:01] [Server thread/INFO] (Minecraft) Starting integrated minecraft server version 1.20.1
[18:22:01] [Server thread/INFO] (Minecraft) Generating keypair
[18:22:03] [Server thread/INFO] (Minecraft) Preparing start region for dimension minecraft:overworld
[18:22:03] [Render thread/INFO] (Minecraft) Preparing spawn area: 0%
[18:22:03] [Render thread/INFO] (Minecraft) Preparing spawn area: 0%
[18:22:04] [Render thread/INFO] (Minecraft) Preparing spawn area: 1%
[18:22:04] [Render thread/INFO] (Minecraft) Preparing spawn area: 3%
[18:22:05] [Render thread/INFO] (Minecraft) Preparing spawn area: 5%
[18:22:05] [Render thread/INFO] (Minecraft) Preparing spawn area: 9%
[18:22:06] [Render thread/INFO] (Minecraft) Preparing spawn area: 12%
[18:22:06] [Render thread/INFO] (Minecraft) Preparing spawn area: 17%
[18:22:07] [Render thread/INFO] (Minecraft) Preparing spawn area: 21%
[18:22:07] [Render thread/INFO] (Minecraft) Preparing spawn area: 26%
[18:22:08] [Render thread/INFO] (Minecraft) Preparing spawn area: 32%
[18:22:08] [Render thread/INFO] (Minecraft) Preparing spawn area: 36%
[18:22:09] [Render thread/INFO] (Minecraft) Preparing spawn area: 42%
[18:22:09] [Render thread/INFO] (Minecraft) Preparing spawn area: 47%
[18:22:10] [Render thread/INFO] (Minecraft) Preparing spawn area: 54%
[18:22:10] [Render thread/INFO] (Minecraft) Preparing spawn area: 58%
[18:22:11] [Render thread/INFO] (Minecraft) Preparing spawn area: 64%
[18:22:11] [Render thread/INFO] (Minecraft) Preparing spawn area: 69%
[18:22:12] [Render thread/INFO] (Minecraft) Preparing spawn area: 74%
[18:22:12] [Render thread/INFO] (Minecraft) Preparing spawn area: 80%
[18:22:13] [Render thread/INFO] (Minecraft) Preparing spawn area: 86%
[18:22:14] [Render thread/INFO] (Minecraft) Preparing spawn area: 92%
[18:22:14] [Render thread/INFO] (Minecraft) Preparing spawn area: 93%
[18:22:14] [Render thread/INFO] (Minecraft) Time elapsed: 11463 ms
[18:22:14] [Server thread/INFO] (Minecraft) Changing view distance to 12, from 10
[18:22:14] [Server thread/INFO] (Minecraft) Changing simulation distance to 12, from 0
[18:22:15] [Server thread/INFO] (Minecraft) Player933[local:E:e840f6ae] logged in with entity id 165 at (-8.5, 125.0, -3.5)
[18:22:15] [Server thread/INFO] (Minecraft) Player933 joined the game
[18:22:15] [Render thread/INFO] (Minecraft) Loaded 2 advancements
[18:22:23] [Server thread/INFO] (Minecraft) Saving and pausing game...
[18:22:23] [Server thread/INFO] (Minecraft) Saving chunks for level 'ServerLevel[New World]'/minecraft:overworld
[18:22:24] [Server thread/INFO] (Minecraft) Saving chunks for level 'ServerLevel[New World]'/minecraft:the_nether
[18:22:24] [Server thread/INFO] (Minecraft) Saving chunks for level 'ServerLevel[New World]'/minecraft:the_end
[18:22:24] [Server thread/INFO] (Minecraft) Player933 has made the advancement [The World of Cobblemon!]
[18:22:24] [Render thread/INFO] (Minecraft) [System] [CHAT] Player933 has made the advancement [The World of Cobblemon!]
[18:22:24] [Render thread/INFO] (Minecraft) Loaded 13 advancements
[18:22:27] [Render thread/INFO] (Minecraft) [System] [CHAT] O nível do Pokémon foi aumentado para o máximo (100).
[18:22:27] [Render thread/INFO] (Minecraft) [System] [CHAT] Bulbasaur seems ready to evolve!
[18:22:31] [Render thread/INFO] (Minecraft) [System] [CHAT] Todos os valores de IV atingiram o máximo.
[18:22:42] [Render thread/INFO] (Minecraft) [System] [CHAT] A amizade do Pokémon foi aumentada para o máximo (255)
[18:22:53] [Render thread/INFO] (Minecraft) [System] [CHAT] O nível do Pokémon foi randomizado.
[18:22:54] [Render thread/INFO] (Minecraft) [System] [CHAT] O nível do Pokémon foi randomizado.
[18:22:54] [Render thread/INFO] (Minecraft) [System] [CHAT] O nível do Pokémon foi randomizado.
[18:24:50] [Render thread/INFO] (Minecraft) [System] [CHAT] O nível do Pokémon foi randomizado.
[18:45:48] [Render thread/INFO] (Minecraft) Stopping!
[18:45:48] [Server thread/INFO] (Minecraft) Player933 lost connection: Disconnected
[18:45:48] [Server thread/INFO] (Minecraft) Player933 left the game
[18:45:48] [Server thread/INFO] (Minecraft) Stopping singleplayer server as player logged out
[18:45:48] [Server thread/INFO] (Minecraft) Stopping server
[18:45:48] [Server thread/INFO] (Minecraft) Saving players
[18:45:48] [Server thread/INFO] (Minecraft) Saving worlds
[18:45:48] [Server thread/INFO] (Minecraft) Saving chunks for level 'ServerLevel[New World]'/minecraft:overworld
[18:45:49] [Server thread/INFO] (Minecraft) Saving chunks for level 'ServerLevel[New World]'/minecraft:the_nether
[18:45:49] [Server thread/INFO] (Minecraft) Saving chunks for level 'ServerLevel[New World]'/minecraft:the_end
[18:45:49] [Server thread/INFO] (Minecraft) ThreadedAnvilChunkStorage (New World): All chunks are saved
[18:45:49] [Server thread/INFO] (Minecraft) ThreadedAnvilChunkStorage (DIM-1): All chunks are saved
[18:45:49] [Server thread/INFO] (Minecraft) ThreadedAnvilChunkStorage (DIM1): All chunks are saved
[18:45:49] [Server thread/INFO] (Minecraft) ThreadedAnvilChunkStorage: All dimensions are saved
